<?xml version="1.0" encoding="UTF-8"?>
<TestRun id="0fe80b2a-0057-47e0-80bf-bca611977c8f" name="Pitsanu.T@PC-014 2013-04-04 11:56:59" runUser="CARPASSAD\Pitsanu.T" xmlns="http://microsoft.com/schemas/VisualStudio/TeamTest/2010">
  <TestSettings name="Local" id="e6779ef9-9e2a-4e1d-ad31-cb7b88621448">
    <Description>These are default test settings for a local test run.</Description>
    <Deployment enabled="false" runDeploymentRoot="Pitsanu.T_PC-014 2013-04-04 11_56_59" />
    <Execution>
      <TestTypeSpecific />
      <AgentRule name="Execution Agents">
      </AgentRule>
    </Execution>
  </TestSettings>
  <Times creation="2013-04-04T11:56:59.4405000+07:00" queuing="2013-04-04T11:56:59.4873750+07:00" start="2013-04-04T11:56:59.4873750+07:00" finish="2013-04-04T11:56:59.8155000+07:00" />
  <ResultSummary outcome="Completed">
    <Counters total="3" executed="3" passed="3" error="0" failed="0" timeout="0" aborted="0" inconclusive="0" passedButRunAborted="0" notRunnable="0" notExecuted="0" disconnected="0" warning="0" completed="0" inProgress="0" pending="0" />
  </ResultSummary>
  <TestDefinitions>
    <UnitTest name="TestUnSignValue" storage="d:\practices\lab_csharp\languagetest\languagetest\bin\debug\languagetest.dll" id="63021a4d-dfa6-240f-50c5-7497253a5dc5">
      <Execution id="bce39643-7f21-4d60-8774-8b49f6511b9f" />
      <TestMethod codeBase="D:/practices/Lab_CSharp/LanguageTest/LanguageTest/bin/Debug/LanguageTest.DLL" adapterTypeName="Microsoft.VisualStudio.TestTools.TestTypes.Unit.UnitTestAdapter, Microsoft.VisualStudio.QualityTools.Tips.UnitTest.Adapter, Version=10.0.0.0, Culture=neutral, PublicKeyToken=b03f5f7f11d50a3a" className="LanguageTest.UnitTest1, LanguageTest, Version=1.0.0.0, Culture=neutral, PublicKeyToken=null" name="TestUnSignValue" />
    </UnitTest>
    <UnitTest name="TestSignValue" storage="d:\practices\lab_csharp\languagetest\languagetest\bin\debug\languagetest.dll" id="95dbb81b-e85e-9e0e-16be-c808efbc3c61">
      <Execution id="9af10dd1-1b6c-4bce-b8fe-5aeed2a2ed6d" />
      <TestMethod codeBase="D:/practices/Lab_CSharp/LanguageTest/LanguageTest/bin/Debug/LanguageTest.DLL" adapterTypeName="Microsoft.VisualStudio.TestTools.TestTypes.Unit.UnitTestAdapter, Microsoft.VisualStudio.QualityTools.Tips.UnitTest.Adapter, Version=10.0.0.0, Culture=neutral, PublicKeyToken=b03f5f7f11d50a3a" className="LanguageTest.UnitTest1, LanguageTest, Version=1.0.0.0, Culture=neutral, PublicKeyToken=null" name="TestSignValue" />
    </UnitTest>
    <UnitTest name="TestMethod1" storage="d:\practices\lab_csharp\languagetest\languagetest\bin\debug\languagetest.dll" id="9cdda0ec-e3a5-9ee8-d80a-63dd94efc08c">
      <Execution id="2f4341d2-8f3c-4ace-a566-123a8182aa3b" />
      <TestMethod codeBase="D:/practices/Lab_CSharp/LanguageTest/LanguageTest/bin/Debug/LanguageTest.DLL" adapterTypeName="Microsoft.VisualStudio.TestTools.TestTypes.Unit.UnitTestAdapter, Microsoft.VisualStudio.QualityTools.Tips.UnitTest.Adapter, Version=10.0.0.0, Culture=neutral, PublicKeyToken=b03f5f7f11d50a3a" className="LanguageTest.UnitTest1, LanguageTest, Version=1.0.0.0, Culture=neutral, PublicKeyToken=null" name="TestMethod1" />
    </UnitTest>
  </TestDefinitions>
  <TestLists>
    <TestList name="Results Not in a List" id="8c84fa94-04c1-424b-9868-57a2d4851a1d" />
    <TestList name="All Loaded Results" id="19431567-8539-422a-85d7-44ee4e166bda" />
  </TestLists>
  <TestEntries>
    <TestEntry testId="63021a4d-dfa6-240f-50c5-7497253a5dc5" executionId="bce39643-7f21-4d60-8774-8b49f6511b9f" testListId="8c84fa94-04c1-424b-9868-57a2d4851a1d" />
    <TestEntry testId="95dbb81b-e85e-9e0e-16be-c808efbc3c61" executionId="9af10dd1-1b6c-4bce-b8fe-5aeed2a2ed6d" testListId="8c84fa94-04c1-424b-9868-57a2d4851a1d" />
    <TestEntry testId="9cdda0ec-e3a5-9ee8-d80a-63dd94efc08c" executionId="2f4341d2-8f3c-4ace-a566-123a8182aa3b" testListId="8c84fa94-04c1-424b-9868-57a2d4851a1d" />
  </TestEntries>
  <Results>
    <UnitTestResult executionId="bce39643-7f21-4d60-8774-8b49f6511b9f" testId="63021a4d-dfa6-240f-50c5-7497253a5dc5" testName="TestUnSignValue" computerName="PC-014" duration="00:00:00.0142574" startTime="2013-04-04T11:56:59.4873750+07:00" endTime="2013-04-04T11:56:59.7686250+07:00" testType="13cdc9d9-ddb5-4fa4-a97d-d965ccfc6d4b" outcome="Passed" testListId="8c84fa94-04c1-424b-9868-57a2d4851a1d" relativeResultsDirectory="bce39643-7f21-4d60-8774-8b49f6511b9f">
      <Output>
        <StdOut>16777215</StdOut>
      </Output>
    </UnitTestResult>
    <UnitTestResult executionId="9af10dd1-1b6c-4bce-b8fe-5aeed2a2ed6d" testId="95dbb81b-e85e-9e0e-16be-c808efbc3c61" testName="TestSignValue" computerName="PC-014" duration="00:00:00.0007305" startTime="2013-04-04T11:56:59.7686250+07:00" endTime="2013-04-04T11:56:59.7686250+07:00" testType="13cdc9d9-ddb5-4fa4-a97d-d965ccfc6d4b" outcome="Passed" testListId="8c84fa94-04c1-424b-9868-57a2d4851a1d" relativeResultsDirectory="9af10dd1-1b6c-4bce-b8fe-5aeed2a2ed6d">
      <Output>
        <StdOut>16777215</StdOut>
      </Output>
    </UnitTestResult>
    <UnitTestResult executionId="2f4341d2-8f3c-4ace-a566-123a8182aa3b" testId="9cdda0ec-e3a5-9ee8-d80a-63dd94efc08c" testName="TestMethod1" computerName="PC-014" duration="00:00:00.0001625" startTime="2013-04-04T11:56:59.7842500+07:00" endTime="2013-04-04T11:56:59.7842500+07:00" testType="13cdc9d9-ddb5-4fa4-a97d-d965ccfc6d4b" outcome="Passed" testListId="8c84fa94-04c1-424b-9868-57a2d4851a1d" relativeResultsDirectory="2f4341d2-8f3c-4ace-a566-123a8182aa3b">
    </UnitTestResult>
  </Results>
</TestRun>